Release 14.7 Map P.20131013 (lin64)
Xilinx Mapping Report File for Design 'top_level'

Design Information
------------------
Command Line   : map -intstyle ise -p xc7a100t-csg324-3 -w -logic_opt off -ol
high -t 1 -xt 0 -register_duplication off -r 4 -mt off -ir off -pr off -lc off
-power off -o top_level_map.ncd top_level.ngd top_level.pcf 
Target Device  : xc7a100t
Target Package : csg324
Target Speed   : -3
Mapper Version : artix7 -- $Revision: 1.55 $
Mapped Date    : Wed May 18 15:57:14 2016

Design Summary
--------------
Number of errors:      0
Number of warnings:    0
Slice Logic Utilization:
  Number of Slice Registers:                 5,375 out of 126,800    4%
    Number used as Flip Flops:               5,375
    Number used as Latches:                      0
    Number used as Latch-thrus:                  0
    Number used as AND/OR logics:                0
  Number of Slice LUTs:                     37,911 out of  63,400   59%
    Number used as logic:                   37,536 out of  63,400   59%
      Number using O6 output only:          17,538
      Number using O5 output only:           1,691
      Number using O5 and O6:               18,307
      Number used as ROM:                        0
    Number used as Memory:                       6 out of  19,000    1%
      Number used as Dual Port RAM:              0
      Number used as Single Port RAM:            0
      Number used as Shift Register:             6
        Number using O6 output only:             2
        Number using O5 output only:             0
        Number using O5 and O6:                  4
    Number used exclusively as route-thrus:    369
      Number with same-slice register load:     34
      Number with same-slice carry load:       335
      Number with other load:                    0

Slice Logic Distribution:
  Number of occupied Slices:                10,568 out of  15,850   66%
  Number of LUT Flip Flop pairs used:       38,694
    Number with an unused Flip Flop:        34,346 out of  38,694   88%
    Number with an unused LUT:                 783 out of  38,694    2%
    Number of fully used LUT-FF pairs:       3,565 out of  38,694    9%
    Number of unique control sets:              73
    Number of slice register sites lost
      to control set restrictions:             495 out of 126,800    1%

  A LUT Flip Flop pair for this architecture represents one LUT paired with
  one Flip Flop within a slice.  A control set is a unique combination of
  clock, reset, set, and enable signals for a registered element.
  The Slice Logic Distribution report is not meaningful if the design is
  over-mapped for a non-slice resource or if Placement fails.
  OVERMAPPING of BRAM resources should be ignored if the design is
  over-mapped for a non-BRAM resource or if placement fails.

IO Utilization:
  Number of bonded IOBs:                        15 out of     210    7%
    Number of LOCed IOBs:                       15 out of      15  100%

Specific Feature Utilization:
  Number of RAMB36E1/FIFO36E1s:                 55 out of     135   40%
    Number using RAMB36E1 only:                 55
    Number using FIFO36E1 only:                  0
  Number of RAMB18E1/FIFO18E1s:                  4 out of     270    1%
    Number using RAMB18E1 only:                  4
    Number using FIFO18E1 only:                  0
  Number of BUFG/BUFGCTRLs:                      1 out of      32    3%
    Number used as BUFGs:                        1
    Number used as BUFGCTRLs:                    0
  Number of IDELAYE2/IDELAYE2_FINEDELAYs:        0 out of     300    0%
  Number of ILOGICE2/ILOGICE3/ISERDESE2s:        0 out of     300    0%
  Number of ODELAYE2/ODELAYE2_FINEDELAYs:        0
  Number of OLOGICE2/OLOGICE3/OSERDESE2s:        0 out of     300    0%
  Number of PHASER_IN/PHASER_IN_PHYs:            0 out of      24    0%
  Number of PHASER_OUT/PHASER_OUT_PHYs:          0 out of      24    0%
  Number of BSCANs:                              0 out of       4    0%
  Number of BUFHCEs:                             0 out of      96    0%
  Number of BUFRs:                               0 out of      24    0%
  Number of CAPTUREs:                            0 out of       1    0%
  Number of DNA_PORTs:                           0 out of       1    0%
  Number of DSP48E1s:                          192 out of     240   80%
  Number of EFUSE_USRs:                          0 out of       1    0%
  Number of FRAME_ECCs:                          0 out of       1    0%
  Number of IBUFDS_GTE2s:                        0 out of       4    0%
  Number of ICAPs:                               0 out of       2    0%
  Number of IDELAYCTRLs:                         0 out of       6    0%
  Number of IN_FIFOs:                            0 out of      24    0%
  Number of MMCME2_ADVs:                         0 out of       6    0%
  Number of OUT_FIFOs:                           0 out of      24    0%
  Number of PCIE_2_1s:                           0 out of       1    0%
  Number of PHASER_REFs:                         0 out of       6    0%
  Number of PHY_CONTROLs:                        0 out of       6    0%
  Number of PLLE2_ADVs:                          0 out of       6    0%
  Number of STARTUPs:                            0 out of       1    0%
  Number of XADCs:                               0 out of       1    0%

Average Fanout of Non-Clock Nets:                2.50

Peak Memory Usage:  2119 MB
Total REAL time to MAP completion:  5 mins 22 secs 
Total CPU time to MAP completion:   5 mins 22 secs 

Table of Contents
-----------------
Section 1 - Errors
Section 2 - Warnings
Section 3 - Informational
Section 4 - Removed Logic Summary
Section 5 - Removed Logic
Section 6 - IOB Properties
Section 7 - RPMs
Section 8 - Guide Report
Section 9 - Area Group and Partition Summary
Section 10 - Timing Report
Section 11 - Configuration String Information
Section 12 - Control Set Information
Section 13 - Utilization by Hierarchy

Section 1 - Errors
------------------

Section 2 - Warnings
--------------------
WARNING:Security:42 - Your software subscription period has lapsed. Your current
version of Xilinx tools will continue to function, but you no longer qualify for
Xilinx software updates or new releases.

Section 3 - Informational
-------------------------
INFO:Security:54 - 'xc7a100t' is a WebPack part.
INFO:LIT:243 - Logical network frac/stage_div<1><7> has no load.
INFO:LIT:395 - The above info message is repeated 63 more times for the
   following (max. 5 shown):
   frac/stage_div<2><7>,
   frac/stage_div<3><7>,
   frac/stage_div<4><7>,
   frac/stage_div<5><7>,
   frac/stage_div<6><7>
   To see the details of these info messages, please use the -detail switch.
INFO:MapLib:159 - Net Timing constraints on signal Clk_100M are pushed forward
   through input buffer.
INFO:LIT:244 - All of the single ended outputs in this design are using slew
   rate limited output drivers. The delay on speed critical single ended outputs
   can be dramatically reduced by designating them as fast outputs.
INFO:Pack:1716 - Initializing temperature to 85.000 Celsius. (default - Range:
   0.000 to 85.000 Celsius)
INFO:Pack:1720 - Initializing voltage to 0.950 Volts. (default - Range: 0.950 to
   1.050 Volts)
INFO:Map:215 - The Interim Design Summary has been generated in the MAP Report
   (.mrp).
INFO:Pack:1650 - Map created a placed design.

Section 4 - Removed Logic Summary
---------------------------------
  13 block(s) removed
 132 block(s) optimized away
  18 signal(s) removed

Section 5 - Removed Logic
-------------------------

The trimmed logic report below shows the logic removed from your design due to
sourceless or loadless signals, and VCC or ground connections.  If the removal
of a signal or symbol results in the subsequent removal of an additional signal
or symbol, the message explaining that second removal will be indented.  This
indentation will be repeated as a chain of related logic is removed.

To quickly locate the original cause for the removal of a chain of logic, look
above the place where that logic is listed in the trimming report, then locate
the lines that are least indented (begin at the leftmost edge).

The signal "frac/gen_loop[0].div_pipe_instance/Mmult_n0061_Madd2_cy<8>_bdd2" is
sourceless and has been removed.
The signal "bitmap/mem/doutb<6>" is sourceless and has been removed.
The signal
"bitmap/mem/U0/xst_blk_mem_generator/gnativebmg.native_blk_mem_gen/valid.cstr/ha
s_mux_b.B/Mmux_dout_mux_920" is sourceless and has been removed.
 Sourceless block
"bitmap/mem/U0/xst_blk_mem_generator/gnativebmg.native_blk_mem_gen/valid.cstr/ha
s_mux_b.B/Mmux_dout_mux_46" (ROM) removed.
  The signal
"bitmap/mem/U0/xst_blk_mem_generator/gnativebmg.native_blk_mem_gen/valid.cstr/ha
s_mux_b.B/Mmux_dout_mux_46" is sourceless and has been removed.
   Sourceless block
"bitmap/mem/U0/xst_blk_mem_generator/gnativebmg.native_blk_mem_gen/valid.cstr/ha
s_mux_b.B/Mmux_dout_mux_2_f7_5" (MUX) removed.
The signal
"bitmap/mem/U0/xst_blk_mem_generator/gnativebmg.native_blk_mem_gen/valid.cstr/ha
s_mux_b.B/Mmux_dout_mux_106" is sourceless and has been removed.
The signal
"bitmap/mem/U0/xst_blk_mem_generator/gnativebmg.native_blk_mem_gen/valid.cstr/ha
s_mux_b.B/Mmux_dout_mux_919" is sourceless and has been removed.
The signal
"bitmap/mem/U0/xst_blk_mem_generator/gnativebmg.native_blk_mem_gen/valid.cstr/ha
s_mux_b.B/Mmux_dout_mux_820" is sourceless and has been removed.
The signal
"bitmap/mem/U0/xst_blk_mem_generator/gnativebmg.native_blk_mem_gen/valid.cstr/ha
s_mux_b.B/Mmux_dout_mux_36" is sourceless and has been removed.
The signal
"bitmap/mem/U0/xst_blk_mem_generator/gnativebmg.native_blk_mem_gen/valid.cstr/ha
s_mux_b.B/Mmux_dout_mux_1231" is sourceless and has been removed.
 Sourceless block
"bitmap/mem/U0/xst_blk_mem_generator/gnativebmg.native_blk_mem_gen/valid.cstr/ha
s_mux_b.B/Mmux_dout_mux_361" (ROM) removed.
The signal
"bitmap/mem/U0/xst_blk_mem_generator/gnativebmg.native_blk_mem_gen/valid.cstr/ha
s_mux_b.B/Mmux_dout_mux_116" is sourceless and has been removed.
The signal
"bitmap/mem/U0/xst_blk_mem_generator/gnativebmg.native_blk_mem_gen/valid.cstr/ra
mloop[38].ram.r/v6_noinit.ram/cascadelata_tmp" is sourceless and has been
removed.
The signal
"bitmap/mem/U0/xst_blk_mem_generator/gnativebmg.native_blk_mem_gen/valid.cstr/ra
mloop[38].ram.r/v6_noinit.ram/cascadelatb_tmp" is sourceless and has been
removed.
The signal
"bitmap/mem/U0/xst_blk_mem_generator/gnativebmg.native_blk_mem_gen/valid.cstr/ra
mloop[37].ram.r/v6_noinit.ram/cascadelata_tmp" is sourceless and has been
removed.
The signal
"bitmap/mem/U0/xst_blk_mem_generator/gnativebmg.native_blk_mem_gen/valid.cstr/ra
mloop[37].ram.r/v6_noinit.ram/cascadelatb_tmp" is sourceless and has been
removed.
The signal
"bitmap/mem/U0/xst_blk_mem_generator/gnativebmg.native_blk_mem_gen/valid.cstr/ra
mloop[36].ram.r/v6_noinit.ram/cascadelata_tmp" is sourceless and has been
removed.
The signal
"bitmap/mem/U0/xst_blk_mem_generator/gnativebmg.native_blk_mem_gen/valid.cstr/ra
mloop[36].ram.r/v6_noinit.ram/cascadelatb_tmp" is sourceless and has been
removed.
The signal
"bitmap/mem/U0/xst_blk_mem_generator/gnativebmg.native_blk_mem_gen/valid.cstr/ra
mloop[35].ram.r/v6_noinit.ram/cascadelata_tmp" is sourceless and has been
removed.
The signal
"bitmap/mem/U0/xst_blk_mem_generator/gnativebmg.native_blk_mem_gen/valid.cstr/ra
mloop[35].ram.r/v6_noinit.ram/cascadelatb_tmp" is sourceless and has been
removed.
Unused block
"bitmap/mem/U0/xst_blk_mem_generator/gnativebmg.native_blk_mem_gen/valid.cstr/ra
mloop[35].ram.r/v6_noinit.ram/NO_BMM_INFO.SDP.CASCADED_PRIM36.ram_B" (RAMB36E1)
removed.
Unused block
"bitmap/mem/U0/xst_blk_mem_generator/gnativebmg.native_blk_mem_gen/valid.cstr/ra
mloop[35].ram.r/v6_noinit.ram/NO_BMM_INFO.SDP.CASCADED_PRIM36.ram_T" (RAMB36E1)
removed.
Unused block
"bitmap/mem/U0/xst_blk_mem_generator/gnativebmg.native_blk_mem_gen/valid.cstr/ra
mloop[36].ram.r/v6_noinit.ram/NO_BMM_INFO.SDP.CASCADED_PRIM36.ram_B" (RAMB36E1)
removed.
Unused block
"bitmap/mem/U0/xst_blk_mem_generator/gnativebmg.native_blk_mem_gen/valid.cstr/ra
mloop[36].ram.r/v6_noinit.ram/NO_BMM_INFO.SDP.CASCADED_PRIM36.ram_T" (RAMB36E1)
removed.
Unused block
"bitmap/mem/U0/xst_blk_mem_generator/gnativebmg.native_blk_mem_gen/valid.cstr/ra
mloop[37].ram.r/v6_noinit.ram/NO_BMM_INFO.SDP.CASCADED_PRIM36.ram_B" (RAMB36E1)
removed.
Unused block
"bitmap/mem/U0/xst_blk_mem_generator/gnativebmg.native_blk_mem_gen/valid.cstr/ra
mloop[37].ram.r/v6_noinit.ram/NO_BMM_INFO.SDP.CASCADED_PRIM36.ram_T" (RAMB36E1)
removed.
Unused block
"bitmap/mem/U0/xst_blk_mem_generator/gnativebmg.native_blk_mem_gen/valid.cstr/ra
mloop[38].ram.r/v6_noinit.ram/NO_BMM_INFO.SDP.CASCADED_PRIM36.ram_B" (RAMB36E1)
removed.
Unused block
"bitmap/mem/U0/xst_blk_mem_generator/gnativebmg.native_blk_mem_gen/valid.cstr/ra
mloop[38].ram.r/v6_noinit.ram/NO_BMM_INFO.SDP.CASCADED_PRIM36.ram_T" (RAMB36E1)
removed.
Unused block
"bitmap/mem/U0/xst_blk_mem_generator/gnativebmg.native_blk_mem_gen/valid.cstr/ra
mloop[39].ram.r/v6_noinit.ram/NO_BMM_INFO.SDP.SIMPLE_PRIM36.ram" (RAMB36E1)
removed.
Unused block "frac/gen_loop[0].div_pipe_instance/Mmult_n0061_Madd2_cy<8>31"
(ROM) removed.

Optimized Block(s):
TYPE 		BLOCK
GND 		XST_GND
VCC 		XST_VCC
GND 		bitmap/mem/XST_GND
VCC 		bitmap/mem/XST_VCC
GND 		frac/XST_GND
VCC 		frac/XST_VCC
GND 		frac/gen_loop[0].div_pipe_instance/XST_GND
VCC 		frac/gen_loop[0].div_pipe_instance/XST_VCC
GND 		frac/gen_loop[10].div_pipe_instance/XST_GND
VCC 		frac/gen_loop[10].div_pipe_instance/XST_VCC
GND 		frac/gen_loop[11].div_pipe_instance/XST_GND
VCC 		frac/gen_loop[11].div_pipe_instance/XST_VCC
GND 		frac/gen_loop[12].div_pipe_instance/XST_GND
VCC 		frac/gen_loop[12].div_pipe_instance/XST_VCC
GND 		frac/gen_loop[13].div_pipe_instance/XST_GND
VCC 		frac/gen_loop[13].div_pipe_instance/XST_VCC
GND 		frac/gen_loop[14].div_pipe_instance/XST_GND
VCC 		frac/gen_loop[14].div_pipe_instance/XST_VCC
GND 		frac/gen_loop[15].div_pipe_instance/XST_GND
VCC 		frac/gen_loop[15].div_pipe_instance/XST_VCC
GND 		frac/gen_loop[16].div_pipe_instance/XST_GND
VCC 		frac/gen_loop[16].div_pipe_instance/XST_VCC
GND 		frac/gen_loop[17].div_pipe_instance/XST_GND
VCC 		frac/gen_loop[17].div_pipe_instance/XST_VCC
GND 		frac/gen_loop[18].div_pipe_instance/XST_GND
VCC 		frac/gen_loop[18].div_pipe_instance/XST_VCC
GND 		frac/gen_loop[19].div_pipe_instance/XST_GND
VCC 		frac/gen_loop[19].div_pipe_instance/XST_VCC
GND 		frac/gen_loop[1].div_pipe_instance/XST_GND
VCC 		frac/gen_loop[1].div_pipe_instance/XST_VCC
GND 		frac/gen_loop[20].div_pipe_instance/XST_GND
VCC 		frac/gen_loop[20].div_pipe_instance/XST_VCC
GND 		frac/gen_loop[21].div_pipe_instance/XST_GND
VCC 		frac/gen_loop[21].div_pipe_instance/XST_VCC
GND 		frac/gen_loop[22].div_pipe_instance/XST_GND
VCC 		frac/gen_loop[22].div_pipe_instance/XST_VCC
GND 		frac/gen_loop[23].div_pipe_instance/XST_GND
VCC 		frac/gen_loop[23].div_pipe_instance/XST_VCC
GND 		frac/gen_loop[24].div_pipe_instance/XST_GND
VCC 		frac/gen_loop[24].div_pipe_instance/XST_VCC
GND 		frac/gen_loop[25].div_pipe_instance/XST_GND
VCC 		frac/gen_loop[25].div_pipe_instance/XST_VCC
GND 		frac/gen_loop[26].div_pipe_instance/XST_GND
VCC 		frac/gen_loop[26].div_pipe_instance/XST_VCC
GND 		frac/gen_loop[27].div_pipe_instance/XST_GND
VCC 		frac/gen_loop[27].div_pipe_instance/XST_VCC
GND 		frac/gen_loop[28].div_pipe_instance/XST_GND
VCC 		frac/gen_loop[28].div_pipe_instance/XST_VCC
GND 		frac/gen_loop[29].div_pipe_instance/XST_GND
VCC 		frac/gen_loop[29].div_pipe_instance/XST_VCC
GND 		frac/gen_loop[2].div_pipe_instance/XST_GND
VCC 		frac/gen_loop[2].div_pipe_instance/XST_VCC
GND 		frac/gen_loop[30].div_pipe_instance/XST_GND
VCC 		frac/gen_loop[30].div_pipe_instance/XST_VCC
GND 		frac/gen_loop[31].div_pipe_instance/XST_GND
VCC 		frac/gen_loop[31].div_pipe_instance/XST_VCC
GND 		frac/gen_loop[32].div_pipe_instance/XST_GND
VCC 		frac/gen_loop[32].div_pipe_instance/XST_VCC
GND 		frac/gen_loop[33].div_pipe_instance/XST_GND
VCC 		frac/gen_loop[33].div_pipe_instance/XST_VCC
GND 		frac/gen_loop[34].div_pipe_instance/XST_GND
VCC 		frac/gen_loop[34].div_pipe_instance/XST_VCC
GND 		frac/gen_loop[35].div_pipe_instance/XST_GND
VCC 		frac/gen_loop[35].div_pipe_instance/XST_VCC
GND 		frac/gen_loop[36].div_pipe_instance/XST_GND
VCC 		frac/gen_loop[36].div_pipe_instance/XST_VCC
GND 		frac/gen_loop[37].div_pipe_instance/XST_GND
VCC 		frac/gen_loop[37].div_pipe_instance/XST_VCC
GND 		frac/gen_loop[38].div_pipe_instance/XST_GND
VCC 		frac/gen_loop[38].div_pipe_instance/XST_VCC
GND 		frac/gen_loop[39].div_pipe_instance/XST_GND
VCC 		frac/gen_loop[39].div_pipe_instance/XST_VCC
GND 		frac/gen_loop[3].div_pipe_instance/XST_GND
VCC 		frac/gen_loop[3].div_pipe_instance/XST_VCC
GND 		frac/gen_loop[40].div_pipe_instance/XST_GND
VCC 		frac/gen_loop[40].div_pipe_instance/XST_VCC
GND 		frac/gen_loop[41].div_pipe_instance/XST_GND
VCC 		frac/gen_loop[41].div_pipe_instance/XST_VCC
GND 		frac/gen_loop[42].div_pipe_instance/XST_GND
VCC 		frac/gen_loop[42].div_pipe_instance/XST_VCC
GND 		frac/gen_loop[43].div_pipe_instance/XST_GND
VCC 		frac/gen_loop[43].div_pipe_instance/XST_VCC
GND 		frac/gen_loop[44].div_pipe_instance/XST_GND
VCC 		frac/gen_loop[44].div_pipe_instance/XST_VCC
GND 		frac/gen_loop[45].div_pipe_instance/XST_GND
VCC 		frac/gen_loop[45].div_pipe_instance/XST_VCC
GND 		frac/gen_loop[46].div_pipe_instance/XST_GND
VCC 		frac/gen_loop[46].div_pipe_instance/XST_VCC
GND 		frac/gen_loop[47].div_pipe_instance/XST_GND
VCC 		frac/gen_loop[47].div_pipe_instance/XST_VCC
GND 		frac/gen_loop[48].div_pipe_instance/XST_GND
VCC 		frac/gen_loop[48].div_pipe_instance/XST_VCC
GND 		frac/gen_loop[49].div_pipe_instance/XST_GND
VCC 		frac/gen_loop[49].div_pipe_instance/XST_VCC
GND 		frac/gen_loop[4].div_pipe_instance/XST_GND
VCC 		frac/gen_loop[4].div_pipe_instance/XST_VCC
GND 		frac/gen_loop[50].div_pipe_instance/XST_GND
VCC 		frac/gen_loop[50].div_pipe_instance/XST_VCC
GND 		frac/gen_loop[51].div_pipe_instance/XST_GND
VCC 		frac/gen_loop[51].div_pipe_instance/XST_VCC
GND 		frac/gen_loop[52].div_pipe_instance/XST_GND
VCC 		frac/gen_loop[52].div_pipe_instance/XST_VCC
GND 		frac/gen_loop[53].div_pipe_instance/XST_GND
VCC 		frac/gen_loop[53].div_pipe_instance/XST_VCC
GND 		frac/gen_loop[54].div_pipe_instance/XST_GND
VCC 		frac/gen_loop[54].div_pipe_instance/XST_VCC
GND 		frac/gen_loop[55].div_pipe_instance/XST_GND
VCC 		frac/gen_loop[55].div_pipe_instance/XST_VCC
GND 		frac/gen_loop[56].div_pipe_instance/XST_GND
VCC 		frac/gen_loop[56].div_pipe_instance/XST_VCC
GND 		frac/gen_loop[57].div_pipe_instance/XST_GND
VCC 		frac/gen_loop[57].div_pipe_instance/XST_VCC
GND 		frac/gen_loop[58].div_pipe_instance/XST_GND
VCC 		frac/gen_loop[58].div_pipe_instance/XST_VCC
GND 		frac/gen_loop[59].div_pipe_instance/XST_GND
VCC 		frac/gen_loop[59].div_pipe_instance/XST_VCC
GND 		frac/gen_loop[5].div_pipe_instance/XST_GND
VCC 		frac/gen_loop[5].div_pipe_instance/XST_VCC
GND 		frac/gen_loop[60].div_pipe_instance/XST_GND
VCC 		frac/gen_loop[60].div_pipe_instance/XST_VCC
GND 		frac/gen_loop[61].div_pipe_instance/XST_GND
VCC 		frac/gen_loop[61].div_pipe_instance/XST_VCC
GND 		frac/gen_loop[62].div_pipe_instance/XST_GND
VCC 		frac/gen_loop[62].div_pipe_instance/XST_VCC
GND 		frac/gen_loop[6].div_pipe_instance/XST_GND
VCC 		frac/gen_loop[6].div_pipe_instance/XST_VCC
GND 		frac/gen_loop[7].div_pipe_instance/XST_GND
VCC 		frac/gen_loop[7].div_pipe_instance/XST_VCC
GND 		frac/gen_loop[8].div_pipe_instance/XST_GND
VCC 		frac/gen_loop[8].div_pipe_instance/XST_VCC
GND 		frac/gen_loop[9].div_pipe_instance/XST_GND
VCC 		frac/gen_loop[9].div_pipe_instance/XST_VCC

To enable printing of redundant blocks removed and signals merged, set the
detailed map report option and rerun map.

Section 6 - IOB Properties
--------------------------

+---------------------------------------------------------------------------------------------------------------------------------------------------------+
| IOB Name                           | Type             | Direction | IO Standard          | Diff  | Drive    | Slew | Reg (s)      | Resistor | IOB      |
|                                    |                  |           |                      | Term  | Strength | Rate |              |          | Delay    |
+---------------------------------------------------------------------------------------------------------------------------------------------------------+
| COLOUR_OUT<0>                      | IOB33            | OUTPUT    | LVCMOS33             |       | 12       | SLOW |              |          |          |
| COLOUR_OUT<1>                      | IOB33            | OUTPUT    | LVCMOS33             |       | 12       | SLOW |              |          |          |
| COLOUR_OUT<2>                      | IOB33            | OUTPUT    | LVCMOS33             |       | 12       | SLOW |              |          |          |
| COLOUR_OUT<3>                      | IOB33            | OUTPUT    | LVCMOS33             |       | 12       | SLOW |              |          |          |
| COLOUR_OUT<4>                      | IOB33            | OUTPUT    | LVCMOS33             |       | 12       | SLOW |              |          |          |
| COLOUR_OUT<5>                      | IOB33            | OUTPUT    | LVCMOS33             |       | 12       | SLOW |              |          |          |
| COLOUR_OUT<6>                      | IOB33            | OUTPUT    | LVCMOS33             |       | 12       | SLOW |              |          |          |
| COLOUR_OUT<7>                      | IOB33            | OUTPUT    | LVCMOS33             |       | 12       | SLOW |              |          |          |
| COLOUR_OUT<8>                      | IOB33            | OUTPUT    | LVCMOS33             |       | 12       | SLOW |              |          |          |
| COLOUR_OUT<9>                      | IOB33            | OUTPUT    | LVCMOS33             |       | 12       | SLOW |              |          |          |
| COLOUR_OUT<10>                     | IOB33            | OUTPUT    | LVCMOS33             |       | 12       | SLOW |              |          |          |
| COLOUR_OUT<11>                     | IOB33            | OUTPUT    | LVCMOS33             |       | 12       | SLOW |              |          |          |
| Clk_100M                           | IOB33            | INPUT     | LVCMOS33             |       |          |      |              |          |          |
| HS                                 | IOB33            | OUTPUT    | LVCMOS33             |       | 12       | SLOW |              |          |          |
| VS                                 | IOB33            | OUTPUT    | LVCMOS33             |       | 12       | SLOW |              |          |          |
+---------------------------------------------------------------------------------------------------------------------------------------------------------+

Section 7 - RPMs
----------------

Section 8 - Guide Report
------------------------
Guide not run on this design.

Section 9 - Area Group and Partition Summary
--------------------------------------------

Partition Implementation Status
-------------------------------

  No Partitions were found in this design.

-------------------------------

Area Group Information
----------------------

  No area groups were found in this design.

----------------------

Section 10 - Timing Report
--------------------------
A logic-level (pre-route) timing report can be generated by using Xilinx static
timing analysis tools, Timing Analyzer (GUI) or TRCE (command line), with the
mapped NCD and PCF files. Please note that this timing report will be generated
using estimated delay information. For accurate numbers, please generate a
timing report with the post Place and Route NCD file.

For more information about the Timing Analyzer, consult the Xilinx Timing
Analyzer Reference Manual; for more information about TRCE, consult the Xilinx
Command Line Tools User Guide "TRACE" chapter.

Section 11 - Configuration String Details
-----------------------------------------
Use the "-detail" map option to print out Configuration Strings

Section 12 - Control Set Information
------------------------------------
Use the "-detail" map option to print out Control Set Information.

Section 13 - Utilization by Hierarchy
-------------------------------------
Use the "-detail" map option to print out the Utilization by Hierarchy section.
