INFO:sim:172 - Generating IP...
Applying current project options...
Finished applying current project options.
WARNING:sim - A core named 'dp_bram' already exists in the project. Output
   products for this core may be overwritten.
Resolving generics for 'dp_bram'...
WARNING:sim - A core named 'dp_bram' already exists in the project. Output
   products for this core may be overwritten.
Applying external generics to 'dp_bram'...
Delivering associated files for 'dp_bram'...
Delivering EJava files for 'dp_bram'...
Generating implementation netlist for 'dp_bram'...
INFO:sim - Pre-processing HDL files for 'dp_bram'...
Running synthesis for 'dp_bram'
Running ngcbuild...
Writing VEO instantiation template for 'dp_bram'...
Writing Verilog behavioral simulation model for 'dp_bram'...
WARNING:sim - Overwriting existing file
   C:/XL/MandelBrot/ipcore_dir/tmp/_cg/dp_bram/doc/blk_mem_gen_v7_3_vinfo.html
   with file from view xilinx_documentation
Delivered 1 file into directory C:/XL/MandelBrot/ipcore_dir/tmp/_cg/dp_bram
Generating ASY schematic symbol...
INFO:sim:949 - Finished generation of ASY schematic symbol.
Generating SYM schematic symbol for 'dp_bram'...
Generating metadata file...
Regenerating ISE project file for 'dp_bram'...
Generating ISE project...
XCO file found: dp_bram.xco
XMDF file found: dp_bram_xmdf.tcl
Adding C:/XL/MandelBrot/ipcore_dir/tmp/_cg/dp_bram.asy -view all -origin_type
imported
Adding C:/XL/MandelBrot/ipcore_dir/tmp/_cg/dp_bram.ngc -view all -origin_type
created
Checking file "C:/XL/MandelBrot/ipcore_dir/tmp/_cg/dp_bram.ngc" for project
device match ...
File "C:/XL/MandelBrot/ipcore_dir/tmp/_cg/dp_bram.ngc" device information
matches project device.
Adding C:/XL/MandelBrot/ipcore_dir/tmp/_cg/dp_bram.sym -view all -origin_type
imported
Adding C:/XL/MandelBrot/ipcore_dir/tmp/_cg/dp_bram.v -view all -origin_type
created
INFO:HDLCompiler:1845 - Analyzing Verilog file
   "C:/XL/MandelBrot/ipcore_dir/tmp/_cg/dp_bram.v" into library work
INFO:ProjectMgmt - Parsing design hierarchy completed successfully.
Adding C:/XL/MandelBrot/ipcore_dir/tmp/_cg/dp_bram.veo -view all -origin_type
imported
INFO:TclTasksC:2116 - The automatic calculation of top has been turned-off.
   Please set the new top explicitly by running the "project set top" command.
   To re-calculate the new top automatically, set the "Auto Implementation Top"
   property to true.
Top level has been set to "/dp_bram"
Generating README file...
Generating FLIST file...
INFO:sim:948 - Finished FLIST file generation.
Launching README viewer...
Moving files to output directory...
Finished moving files to output directory
Wrote CGP file for project 'dp_bram'.
